Analysis & Synthesis report for FFT
Wed Mar 04 18:30:12 2020
Quartus Prime Version 18.1.0 Build 625 09/12/2018 SJ Lite Edition


---------------------
; Table of Contents ;
---------------------
  1. Legal Notice
  2. Analysis & Synthesis Summary
  3. Analysis & Synthesis Settings
  4. Parallel Compilation
  5. Analysis & Synthesis Source Files Read
  6. Analysis & Synthesis Resource Usage Summary
  7. Analysis & Synthesis Resource Utilization by Entity
  8. Registers Removed During Synthesis
  9. General Register Statistics
 10. Parameter Settings for User Entity Instance: video_sync_generator:vga|hsync:horizontal
 11. Parameter Settings for User Entity Instance: video_sync_generator:vga|vsync:vertical
 12. Port Connectivity Checks: "FFT_Processor:main_professor|butterflyunit:BFU0|complexmultiplier:twiddlemult"
 13. Port Connectivity Checks: "FFT_Processor:main_professor"
 14. Port Connectivity Checks: "mic_translator:main_translator"
 15. Post-Synthesis Netlist Statistics for Top Partition
 16. Elapsed Time Per Partition
 17. Analysis & Synthesis Messages



----------------
; Legal Notice ;
----------------
Copyright (C) 2018  Intel Corporation. All rights reserved.
Your use of Intel Corporation's design tools, logic functions 
and other software and tools, and its AMPP partner logic 
functions, and any output files from any of the foregoing 
(including device programming or simulation files), and any 
associated documentation or information are expressly subject 
to the terms and conditions of the Intel Program License 
Subscription Agreement, the Intel Quartus Prime License Agreement,
the Intel FPGA IP License Agreement, or other applicable license
agreement, including, without limitation, that your use is for
the sole purpose of programming logic devices manufactured by
Intel and sold by Intel or its authorized distributors.  Please
refer to the applicable agreement for further details.



+----------------------------------------------------------------------------------+
; Analysis & Synthesis Summary                                                     ;
+------------------------------------+---------------------------------------------+
; Analysis & Synthesis Status        ; Successful - Wed Mar 04 18:30:12 2020       ;
; Quartus Prime Version              ; 18.1.0 Build 625 09/12/2018 SJ Lite Edition ;
; Revision Name                      ; FFT                                         ;
; Top-level Entity Name              ; FFT                                         ;
; Family                             ; MAX 10                                      ;
; Total logic elements               ; 38                                          ;
;     Total combinational functions  ; 37                                          ;
;     Dedicated logic registers      ; 28                                          ;
; Total registers                    ; 28                                          ;
; Total pins                         ; 18                                          ;
; Total virtual pins                 ; 0                                           ;
; Total memory bits                  ; 0                                           ;
; Embedded Multiplier 9-bit elements ; 0                                           ;
; Total PLLs                         ; 0                                           ;
; UFM blocks                         ; 0                                           ;
; ADC blocks                         ; 0                                           ;
+------------------------------------+---------------------------------------------+


+------------------------------------------------------------------------------------------------------------+
; Analysis & Synthesis Settings                                                                              ;
+------------------------------------------------------------------+--------------------+--------------------+
; Option                                                           ; Setting            ; Default Value      ;
+------------------------------------------------------------------+--------------------+--------------------+
; Device                                                           ; 10M50DAF484C7G     ;                    ;
; Top-level entity name                                            ; FFT                ; FFT                ;
; Family name                                                      ; MAX 10             ; Cyclone V          ;
; Use smart compilation                                            ; Off                ; Off                ;
; Enable parallel Assembler and Timing Analyzer during compilation ; On                 ; On                 ;
; Enable compact report table                                      ; Off                ; Off                ;
; Restructure Multiplexers                                         ; Auto               ; Auto               ;
; Create Debugging Nodes for IP Cores                              ; Off                ; Off                ;
; Preserve fewer node names                                        ; On                 ; On                 ;
; Intel FPGA IP Evaluation Mode                                    ; Enable             ; Enable             ;
; Verilog Version                                                  ; Verilog_2001       ; Verilog_2001       ;
; VHDL Version                                                     ; VHDL_1993          ; VHDL_1993          ;
; State Machine Processing                                         ; Auto               ; Auto               ;
; Safe State Machine                                               ; Off                ; Off                ;
; Extract Verilog State Machines                                   ; On                 ; On                 ;
; Extract VHDL State Machines                                      ; On                 ; On                 ;
; Ignore Verilog initial constructs                                ; Off                ; Off                ;
; Iteration limit for constant Verilog loops                       ; 5000               ; 5000               ;
; Iteration limit for non-constant Verilog loops                   ; 250                ; 250                ;
; Add Pass-Through Logic to Inferred RAMs                          ; On                 ; On                 ;
; Infer RAMs from Raw Logic                                        ; On                 ; On                 ;
; Parallel Synthesis                                               ; On                 ; On                 ;
; DSP Block Balancing                                              ; Auto               ; Auto               ;
; NOT Gate Push-Back                                               ; On                 ; On                 ;
; Power-Up Don't Care                                              ; On                 ; On                 ;
; Remove Redundant Logic Cells                                     ; Off                ; Off                ;
; Remove Duplicate Registers                                       ; On                 ; On                 ;
; Ignore CARRY Buffers                                             ; Off                ; Off                ;
; Ignore CASCADE Buffers                                           ; Off                ; Off                ;
; Ignore GLOBAL Buffers                                            ; Off                ; Off                ;
; Ignore ROW GLOBAL Buffers                                        ; Off                ; Off                ;
; Ignore LCELL Buffers                                             ; Off                ; Off                ;
; Ignore SOFT Buffers                                              ; On                 ; On                 ;
; Limit AHDL Integers to 32 Bits                                   ; Off                ; Off                ;
; Optimization Technique                                           ; Balanced           ; Balanced           ;
; Carry Chain Length                                               ; 70                 ; 70                 ;
; Auto Carry Chains                                                ; On                 ; On                 ;
; Auto Open-Drain Pins                                             ; On                 ; On                 ;
; Perform WYSIWYG Primitive Resynthesis                            ; Off                ; Off                ;
; Auto ROM Replacement                                             ; On                 ; On                 ;
; Auto RAM Replacement                                             ; On                 ; On                 ;
; Auto DSP Block Replacement                                       ; On                 ; On                 ;
; Auto Shift Register Replacement                                  ; Auto               ; Auto               ;
; Allow Shift Register Merging across Hierarchies                  ; Auto               ; Auto               ;
; Auto Clock Enable Replacement                                    ; On                 ; On                 ;
; Strict RAM Replacement                                           ; Off                ; Off                ;
; Allow Synchronous Control Signals                                ; On                 ; On                 ;
; Force Use of Synchronous Clear Signals                           ; Off                ; Off                ;
; Auto RAM Block Balancing                                         ; On                 ; On                 ;
; Auto RAM to Logic Cell Conversion                                ; Off                ; Off                ;
; Auto Resource Sharing                                            ; Off                ; Off                ;
; Allow Any RAM Size For Recognition                               ; Off                ; Off                ;
; Allow Any ROM Size For Recognition                               ; Off                ; Off                ;
; Allow Any Shift Register Size For Recognition                    ; Off                ; Off                ;
; Use LogicLock Constraints during Resource Balancing              ; On                 ; On                 ;
; Ignore translate_off and synthesis_off directives                ; Off                ; Off                ;
; Timing-Driven Synthesis                                          ; On                 ; On                 ;
; Report Parameter Settings                                        ; On                 ; On                 ;
; Report Source Assignments                                        ; On                 ; On                 ;
; Report Connectivity Checks                                       ; On                 ; On                 ;
; Ignore Maximum Fan-Out Assignments                               ; Off                ; Off                ;
; Synchronization Register Chain Length                            ; 2                  ; 2                  ;
; Power Optimization During Synthesis                              ; Normal compilation ; Normal compilation ;
; HDL message level                                                ; Level2             ; Level2             ;
; Suppress Register Optimization Related Messages                  ; Off                ; Off                ;
; Number of Removed Registers Reported in Synthesis Report         ; 5000               ; 5000               ;
; Number of Swept Nodes Reported in Synthesis Report               ; 5000               ; 5000               ;
; Number of Inverted Registers Reported in Synthesis Report        ; 100                ; 100                ;
; Clock MUX Protection                                             ; On                 ; On                 ;
; Auto Gated Clock Conversion                                      ; Off                ; Off                ;
; Block Design Naming                                              ; Auto               ; Auto               ;
; SDC constraint protection                                        ; Off                ; Off                ;
; Synthesis Effort                                                 ; Auto               ; Auto               ;
; Shift Register Replacement - Allow Asynchronous Clear Signal     ; On                 ; On                 ;
; Pre-Mapping Resynthesis Optimization                             ; Off                ; Off                ;
; Analysis & Synthesis Message Level                               ; Medium             ; Medium             ;
; Disable Register Merging Across Hierarchies                      ; Auto               ; Auto               ;
; Resource Aware Inference For Block RAM                           ; On                 ; On                 ;
+------------------------------------------------------------------+--------------------+--------------------+


+------------------------------------------+
; Parallel Compilation                     ;
+----------------------------+-------------+
; Processors                 ; Number      ;
+----------------------------+-------------+
; Number detected on machine ; 4           ;
; Maximum allowed            ; 2           ;
;                            ;             ;
; Average used               ; 1.00        ;
; Maximum used               ; 2           ;
;                            ;             ;
; Usage by Processor         ; % Time Used ;
;     Processor 1            ; 100.0%      ;
;     Processor 2            ;   0.0%      ;
+----------------------------+-------------+


+--------------------------------------------------------------------------------------------------------------------------------------------------------+
; Analysis & Synthesis Source Files Read                                                                                                                 ;
+----------------------------------+-----------------+------------------------------+----------------------------------------------------------+---------+
; File Name with User-Entered Path ; Used in Netlist ; File Type                    ; File Name with Absolute Path                             ; Library ;
+----------------------------------+-----------------+------------------------------+----------------------------------------------------------+---------+
; FFT.sv                           ; yes             ; User SystemVerilog HDL File  ; C:/Users/chank/OneDrive/Quartus/FFT/FFT.sv               ;         ;
; butterflyunit.sv                 ; yes             ; User SystemVerilog HDL File  ; C:/Users/chank/OneDrive/Quartus/FFT/butterflyunit.sv     ;         ;
; complexmultiplier.sv             ; yes             ; User SystemVerilog HDL File  ; C:/Users/chank/OneDrive/Quartus/FFT/complexmultiplier.sv ;         ;
; complexadder.sv                  ; yes             ; User SystemVerilog HDL File  ; C:/Users/chank/OneDrive/Quartus/FFT/complexadder.sv      ;         ;
; simplemultiplier.sv              ; yes             ; User SystemVerilog HDL File  ; C:/Users/chank/OneDrive/Quartus/FFT/simplemultiplier.sv  ;         ;
; complexsubtractor.sv             ; yes             ; User SystemVerilog HDL File  ; C:/Users/chank/OneDrive/Quartus/FFT/complexsubtractor.sv ;         ;
; butterflyunit_TB.sv              ; yes             ; User SystemVerilog HDL File  ; C:/Users/chank/OneDrive/Quartus/FFT/butterflyunit_TB.sv  ;         ;
; FFT_Processor.sv                 ; yes             ; User SystemVerilog HDL File  ; C:/Users/chank/OneDrive/Quartus/FFT/FFT_Processor.sv     ;         ;
; mic_translator.sv                ; yes             ; User SystemVerilog HDL File  ; C:/Users/chank/OneDrive/Quartus/FFT/mic_translator.sv    ;         ;
; VGA_Components.sv                ; yes             ; User SystemVerilog HDL File  ; C:/Users/chank/OneDrive/Quartus/FFT/VGA_Components.sv    ;         ;
+----------------------------------+-----------------+------------------------------+----------------------------------------------------------+---------+


+--------------------------------------------------------------------------------------------------+
; Analysis & Synthesis Resource Usage Summary                                                      ;
+---------------------------------------------+----------------------------------------------------+
; Resource                                    ; Usage                                              ;
+---------------------------------------------+----------------------------------------------------+
; Estimated Total logic elements              ; 38                                                 ;
;                                             ;                                                    ;
; Total combinational functions               ; 37                                                 ;
; Logic element usage by number of LUT inputs ;                                                    ;
;     -- 4 input functions                    ; 10                                                 ;
;     -- 3 input functions                    ; 3                                                  ;
;     -- <=2 input functions                  ; 24                                                 ;
;                                             ;                                                    ;
; Logic elements by mode                      ;                                                    ;
;     -- normal mode                          ; 19                                                 ;
;     -- arithmetic mode                      ; 18                                                 ;
;                                             ;                                                    ;
; Total registers                             ; 28                                                 ;
;     -- Dedicated logic registers            ; 28                                                 ;
;     -- I/O registers                        ; 0                                                  ;
;                                             ;                                                    ;
; I/O pins                                    ; 18                                                 ;
;                                             ;                                                    ;
; Embedded Multiplier 9-bit elements          ; 0                                                  ;
;                                             ;                                                    ;
; Maximum fan-out node                        ; video_sync_generator:vga|PLL:clockdivider|pixelclk ;
; Maximum fan-out                             ; 16                                                 ;
; Total fan-out                               ; 192                                                ;
; Average fan-out                             ; 1.90                                               ;
+---------------------------------------------+----------------------------------------------------+


+---------------------------------------------------------------------------------------------------------------------------------------------------------------------------------------------------------------------------------------------------------------------------+
; Analysis & Synthesis Resource Utilization by Entity                                                                                                                                                                                                                       ;
+-------------------------------+---------------------+---------------------------+-------------+------------+--------------+---------+-----------+------+--------------+------------+------------------------------------------------+----------------------+--------------+
; Compilation Hierarchy Node    ; Combinational ALUTs ; Dedicated Logic Registers ; Memory Bits ; UFM Blocks ; DSP Elements ; DSP 9x9 ; DSP 18x18 ; Pins ; Virtual Pins ; ADC blocks ; Full Hierarchy Name                            ; Entity Name          ; Library Name ;
+-------------------------------+---------------------+---------------------------+-------------+------------+--------------+---------+-----------+------+--------------+------------+------------------------------------------------+----------------------+--------------+
; |FFT                          ; 37 (0)              ; 28 (0)                    ; 0           ; 0          ; 0            ; 0       ; 0         ; 18   ; 0            ; 0          ; |FFT                                           ; FFT                  ; work         ;
;    |video_sync_generator:vga| ; 37 (0)              ; 28 (0)                    ; 0           ; 0          ; 0            ; 0       ; 0         ; 0    ; 0            ; 0          ; |FFT|video_sync_generator:vga                  ; video_sync_generator ; work         ;
;       |PLL:clockdivider|      ; 1 (1)               ; 1 (1)                     ; 0           ; 0          ; 0            ; 0       ; 0         ; 0    ; 0            ; 0          ; |FFT|video_sync_generator:vga|PLL:clockdivider ; PLL                  ; work         ;
;       |data:display|          ; 1 (1)               ; 2 (2)                     ; 0           ; 0          ; 0            ; 0       ; 0         ; 0    ; 0            ; 0          ; |FFT|video_sync_generator:vga|data:display     ; data                 ; work         ;
;       |hsync:horizontal|      ; 18 (18)             ; 13 (13)                   ; 0           ; 0          ; 0            ; 0       ; 0         ; 0    ; 0            ; 0          ; |FFT|video_sync_generator:vga|hsync:horizontal ; hsync                ; work         ;
;       |vsync:vertical|        ; 17 (17)             ; 12 (12)                   ; 0           ; 0          ; 0            ; 0       ; 0         ; 0    ; 0            ; 0          ; |FFT|video_sync_generator:vga|vsync:vertical   ; vsync                ; work         ;
+-------------------------------+---------------------+---------------------------+-------------+------------+--------------+---------+-----------+------+--------------+------------+------------------------------------------------+----------------------+--------------+
Note: For table entries with two numbers listed, the numbers in parentheses indicate the number of resources of the given type used by the specific entity alone. The numbers listed outside of parentheses indicate the total resources of the given type used by the specific entity and all of its sub-entities in the hierarchy.


+----------------------------------------------------------------------------------------+
; Registers Removed During Synthesis                                                     ;
+-----------------------------------------------+----------------------------------------+
; Register name                                 ; Reason for Removal                     ;
+-----------------------------------------------+----------------------------------------+
; video_sync_generator:vga|data:display|b[0..2] ; Stuck at GND due to stuck port data_in ;
; video_sync_generator:vga|data:display|g[0..3] ; Stuck at GND due to stuck port data_in ;
; video_sync_generator:vga|data:display|r[0..2] ; Stuck at GND due to stuck port data_in ;
; Total Number of Removed Registers = 10        ;                                        ;
+-----------------------------------------------+----------------------------------------+


+------------------------------------------------------+
; General Register Statistics                          ;
+----------------------------------------------+-------+
; Statistic                                    ; Value ;
+----------------------------------------------+-------+
; Total registers                              ; 28    ;
; Number of registers using Synchronous Clear  ; 20    ;
; Number of registers using Synchronous Load   ; 0     ;
; Number of registers using Asynchronous Clear ; 0     ;
; Number of registers using Asynchronous Load  ; 0     ;
; Number of registers using Clock Enable       ; 0     ;
; Number of registers using Preset             ; 0     ;
+----------------------------------------------+-------+


+----------------------------------------------------------------------------------------+
; Parameter Settings for User Entity Instance: video_sync_generator:vga|hsync:horizontal ;
+----------------+-------+---------------------------------------------------------------+
; Parameter Name ; Value ; Type                                                          ;
+----------------+-------+---------------------------------------------------------------+
; TOTAL_COUNTER  ; 800   ; Signed Integer                                                ;
; SYNC           ; 96    ; Signed Integer                                                ;
; BACKPORCH      ; 48    ; Signed Integer                                                ;
; DISPLAY        ; 640   ; Signed Integer                                                ;
; FRONTPORCH     ; 16    ; Signed Integer                                                ;
+----------------+-------+---------------------------------------------------------------+
Note: In order to hide this table in the UI and the text report file, please set the "Show Parameter Settings in Synthesis Report" option in "Analysis and Synthesis Settings -> More Settings" to "Off".


+--------------------------------------------------------------------------------------+
; Parameter Settings for User Entity Instance: video_sync_generator:vga|vsync:vertical ;
+----------------+-------+-------------------------------------------------------------+
; Parameter Name ; Value ; Type                                                        ;
+----------------+-------+-------------------------------------------------------------+
; TOTAL_COUNTER  ; 525   ; Signed Integer                                              ;
; SYNC           ; 2     ; Signed Integer                                              ;
; BACKPORCH      ; 33    ; Signed Integer                                              ;
; DISPLAY        ; 480   ; Signed Integer                                              ;
; FRONTPORCH     ; 10    ; Signed Integer                                              ;
+----------------+-------+-------------------------------------------------------------+
Note: In order to hide this table in the UI and the text report file, please set the "Show Parameter Settings in Synthesis Report" option in "Analysis and Synthesis Settings -> More Settings" to "Off".


+--------------------------------------------------------------------------------------------------------------------------------+
; Port Connectivity Checks: "FFT_Processor:main_professor|butterflyunit:BFU0|complexmultiplier:twiddlemult"                      ;
+----------------------+--------+----------+-------------------------------------------------------------------------------------+
; Port                 ; Type   ; Severity ; Details                                                                             ;
+----------------------+--------+----------+-------------------------------------------------------------------------------------+
; comp_product[46..31] ; Output ; Info     ; Connected to dangling logic. Logic that only feeds a dangling port will be removed. ;
; comp_product[14..0]  ; Output ; Info     ; Connected to dangling logic. Logic that only feeds a dangling port will be removed. ;
; comp_product[63]     ; Output ; Info     ; Connected to dangling logic. Logic that only feeds a dangling port will be removed. ;
+----------------------+--------+----------+-------------------------------------------------------------------------------------+


+----------------------------------------------------------------------------------------------------------------+
; Port Connectivity Checks: "FFT_Processor:main_professor"                                                       ;
+------+--------+----------+-------------------------------------------------------------------------------------+
; Port ; Type   ; Severity ; Details                                                                             ;
+------+--------+----------+-------------------------------------------------------------------------------------+
; f0   ; Output ; Info     ; Connected to dangling logic. Logic that only feeds a dangling port will be removed. ;
; f1   ; Output ; Info     ; Connected to dangling logic. Logic that only feeds a dangling port will be removed. ;
; f2   ; Output ; Info     ; Connected to dangling logic. Logic that only feeds a dangling port will be removed. ;
; f3   ; Output ; Info     ; Connected to dangling logic. Logic that only feeds a dangling port will be removed. ;
; f4   ; Output ; Info     ; Connected to dangling logic. Logic that only feeds a dangling port will be removed. ;
; f5   ; Output ; Info     ; Connected to dangling logic. Logic that only feeds a dangling port will be removed. ;
; f6   ; Output ; Info     ; Connected to dangling logic. Logic that only feeds a dangling port will be removed. ;
; f7   ; Output ; Info     ; Connected to dangling logic. Logic that only feeds a dangling port will be removed. ;
; f8   ; Output ; Info     ; Connected to dangling logic. Logic that only feeds a dangling port will be removed. ;
; f9   ; Output ; Info     ; Connected to dangling logic. Logic that only feeds a dangling port will be removed. ;
; f10  ; Output ; Info     ; Connected to dangling logic. Logic that only feeds a dangling port will be removed. ;
; f11  ; Output ; Info     ; Connected to dangling logic. Logic that only feeds a dangling port will be removed. ;
; f12  ; Output ; Info     ; Connected to dangling logic. Logic that only feeds a dangling port will be removed. ;
; f13  ; Output ; Info     ; Connected to dangling logic. Logic that only feeds a dangling port will be removed. ;
; f14  ; Output ; Info     ; Connected to dangling logic. Logic that only feeds a dangling port will be removed. ;
; f15  ; Output ; Info     ; Connected to dangling logic. Logic that only feeds a dangling port will be removed. ;
; done ; Output ; Info     ; Connected to dangling logic. Logic that only feeds a dangling port will be removed. ;
+------+--------+----------+-------------------------------------------------------------------------------------+


+----------------------------------------------------------------------------------------------------------------------------------------------------------------------------------------------------+
; Port Connectivity Checks: "mic_translator:main_translator"                                                                                                                                         ;
+------+--------+----------+-------------------------------------------------------------------------------------------------------------------------------------------------------------------------+
; Port ; Type   ; Severity ; Details                                                                                                                                                                 ;
+------+--------+----------+-------------------------------------------------------------------------------------------------------------------------------------------------------------------------+
; t0   ; Output ; Warning  ; Output or bidir port (10 bits) is smaller than the port expression (16 bits) it drives.  The 6 most-significant bit(s) in the port expression will be connected to GND. ;
; t1   ; Output ; Warning  ; Output or bidir port (10 bits) is smaller than the port expression (16 bits) it drives.  The 6 most-significant bit(s) in the port expression will be connected to GND. ;
; t2   ; Output ; Warning  ; Output or bidir port (10 bits) is smaller than the port expression (16 bits) it drives.  The 6 most-significant bit(s) in the port expression will be connected to GND. ;
; t3   ; Output ; Warning  ; Output or bidir port (10 bits) is smaller than the port expression (16 bits) it drives.  The 6 most-significant bit(s) in the port expression will be connected to GND. ;
; t4   ; Output ; Warning  ; Output or bidir port (10 bits) is smaller than the port expression (16 bits) it drives.  The 6 most-significant bit(s) in the port expression will be connected to GND. ;
; t5   ; Output ; Warning  ; Output or bidir port (10 bits) is smaller than the port expression (16 bits) it drives.  The 6 most-significant bit(s) in the port expression will be connected to GND. ;
; t6   ; Output ; Warning  ; Output or bidir port (10 bits) is smaller than the port expression (16 bits) it drives.  The 6 most-significant bit(s) in the port expression will be connected to GND. ;
; t7   ; Output ; Warning  ; Output or bidir port (10 bits) is smaller than the port expression (16 bits) it drives.  The 6 most-significant bit(s) in the port expression will be connected to GND. ;
; t8   ; Output ; Warning  ; Output or bidir port (10 bits) is smaller than the port expression (16 bits) it drives.  The 6 most-significant bit(s) in the port expression will be connected to GND. ;
; t9   ; Output ; Warning  ; Output or bidir port (10 bits) is smaller than the port expression (16 bits) it drives.  The 6 most-significant bit(s) in the port expression will be connected to GND. ;
; t10  ; Output ; Warning  ; Output or bidir port (10 bits) is smaller than the port expression (16 bits) it drives.  The 6 most-significant bit(s) in the port expression will be connected to GND. ;
; t11  ; Output ; Warning  ; Output or bidir port (10 bits) is smaller than the port expression (16 bits) it drives.  The 6 most-significant bit(s) in the port expression will be connected to GND. ;
; t12  ; Output ; Warning  ; Output or bidir port (10 bits) is smaller than the port expression (16 bits) it drives.  The 6 most-significant bit(s) in the port expression will be connected to GND. ;
; t13  ; Output ; Warning  ; Output or bidir port (10 bits) is smaller than the port expression (16 bits) it drives.  The 6 most-significant bit(s) in the port expression will be connected to GND. ;
; t14  ; Output ; Warning  ; Output or bidir port (10 bits) is smaller than the port expression (16 bits) it drives.  The 6 most-significant bit(s) in the port expression will be connected to GND. ;
; t15  ; Output ; Warning  ; Output or bidir port (10 bits) is smaller than the port expression (16 bits) it drives.  The 6 most-significant bit(s) in the port expression will be connected to GND. ;
+------+--------+----------+-------------------------------------------------------------------------------------------------------------------------------------------------------------------------+


+-----------------------------------------------------+
; Post-Synthesis Netlist Statistics for Top Partition ;
+-----------------------+-----------------------------+
; Type                  ; Count                       ;
+-----------------------+-----------------------------+
; boundary_port         ; 18                          ;
; cycloneiii_ff         ; 28                          ;
;     SCLR              ; 20                          ;
;     plain             ; 8                           ;
; cycloneiii_lcell_comb ; 38                          ;
;     arith             ; 18                          ;
;         2 data inputs ; 18                          ;
;     normal            ; 20                          ;
;         0 data inputs ; 1                           ;
;         1 data inputs ; 3                           ;
;         2 data inputs ; 3                           ;
;         3 data inputs ; 3                           ;
;         4 data inputs ; 10                          ;
;                       ;                             ;
; Max LUT depth         ; 2.00                        ;
; Average LUT depth     ; 1.59                        ;
+-----------------------+-----------------------------+


+-------------------------------+
; Elapsed Time Per Partition    ;
+----------------+--------------+
; Partition Name ; Elapsed Time ;
+----------------+--------------+
; Top            ; 00:00:01     ;
+----------------+--------------+


+-------------------------------+
; Analysis & Synthesis Messages ;
+-------------------------------+
Info: *******************************************************************
Info: Running Quartus Prime Analysis & Synthesis
    Info: Version 18.1.0 Build 625 09/12/2018 SJ Lite Edition
    Info: Processing started: Wed Mar 04 18:29:48 2020
Info: Command: quartus_map --read_settings_files=on --write_settings_files=off FFT -c FFT
Warning (18236): Number of processors has not been specified which may cause overloading on shared machines.  Set the global assignment NUM_PARALLEL_PROCESSORS in your QSF to an appropriate value for best performance.
Info (20030): Parallel compilation is enabled and will use 2 of the 2 processors detected
Info (12021): Found 1 design units, including 1 entities, in source file fft.sv
    Info (12023): Found entity 1: FFT File: C:/Users/chank/OneDrive/Quartus/FFT/FFT.sv Line: 1
Info (12021): Found 1 design units, including 1 entities, in source file butterflyunit.sv
    Info (12023): Found entity 1: butterflyunit File: C:/Users/chank/OneDrive/Quartus/FFT/butterflyunit.sv Line: 1
Info (12021): Found 1 design units, including 1 entities, in source file complexmultiplier.sv
    Info (12023): Found entity 1: complexmultiplier File: C:/Users/chank/OneDrive/Quartus/FFT/complexmultiplier.sv Line: 1
Info (12021): Found 1 design units, including 1 entities, in source file complexadder.sv
    Info (12023): Found entity 1: complexadder File: C:/Users/chank/OneDrive/Quartus/FFT/complexadder.sv Line: 1
Info (12021): Found 1 design units, including 1 entities, in source file complexadder_tb.sv
    Info (12023): Found entity 1: complexadder_TB File: C:/Users/chank/OneDrive/Quartus/FFT/complexadder_TB.sv Line: 1
Info (12021): Found 1 design units, including 1 entities, in source file simplemultiplier.sv
    Info (12023): Found entity 1: simplemultiplier File: C:/Users/chank/OneDrive/Quartus/FFT/simplemultiplier.sv Line: 1
Info (12021): Found 1 design units, including 1 entities, in source file multiplier_tb.sv
    Info (12023): Found entity 1: multiplier_TB File: C:/Users/chank/OneDrive/Quartus/FFT/multiplier_TB.sv Line: 1
Info (12021): Found 1 design units, including 1 entities, in source file complexsubtractor.sv
    Info (12023): Found entity 1: complexsubtractor File: C:/Users/chank/OneDrive/Quartus/FFT/complexsubtractor.sv Line: 1
Info (12021): Found 1 design units, including 1 entities, in source file complexsubtractor_tb.sv
    Info (12023): Found entity 1: complexsubtractor_TB File: C:/Users/chank/OneDrive/Quartus/FFT/complexsubtractor_TB.sv Line: 1
Info (12021): Found 1 design units, including 1 entities, in source file butterflyunit_tb.sv
    Info (12023): Found entity 1: butterflyunit_TB File: C:/Users/chank/OneDrive/Quartus/FFT/butterflyunit_TB.sv Line: 13
Info (12021): Found 1 design units, including 1 entities, in source file fft_processor.sv
    Info (12023): Found entity 1: FFT_Processor File: C:/Users/chank/OneDrive/Quartus/FFT/FFT_Processor.sv Line: 10
Warning (10274): Verilog HDL macro warning at FFT_Processor_TB.sv(2): overriding existing definition for macro "tmax", which was defined in "butterflyunit_TB.sv", line 2 File: C:/Users/chank/OneDrive/Quartus/FFT/FFT_Processor_TB.sv Line: 2
Warning (10274): Verilog HDL macro warning at FFT_Processor_TB.sv(3): overriding existing definition for macro "tmin", which was defined in "butterflyunit_TB.sv", line 3 File: C:/Users/chank/OneDrive/Quartus/FFT/FFT_Processor_TB.sv Line: 3
Info (12021): Found 1 design units, including 1 entities, in source file fft_processor_tb.sv
    Info (12023): Found entity 1: FFT_Processor_TB File: C:/Users/chank/OneDrive/Quartus/FFT/FFT_Processor_TB.sv Line: 4
Info (12021): Found 1 design units, including 1 entities, in source file mic_translator.sv
    Info (12023): Found entity 1: mic_translator File: C:/Users/chank/OneDrive/Quartus/FFT/mic_translator.sv Line: 1
Info (12021): Found 5 design units, including 5 entities, in source file vga_components.sv
    Info (12023): Found entity 1: PLL File: C:/Users/chank/OneDrive/Quartus/FFT/VGA_Components.sv Line: 3
    Info (12023): Found entity 2: hsync File: C:/Users/chank/OneDrive/Quartus/FFT/VGA_Components.sv Line: 16
    Info (12023): Found entity 3: vsync File: C:/Users/chank/OneDrive/Quartus/FFT/VGA_Components.sv Line: 71
    Info (12023): Found entity 4: data File: C:/Users/chank/OneDrive/Quartus/FFT/VGA_Components.sv Line: 111
    Info (12023): Found entity 5: video_sync_generator File: C:/Users/chank/OneDrive/Quartus/FFT/VGA_Components.sv Line: 133
Info (12127): Elaborating entity "FFT" for the top level hierarchy
Info (12128): Elaborating entity "mic_translator" for hierarchy "mic_translator:main_translator" File: C:/Users/chank/OneDrive/Quartus/FFT/FFT.sv Line: 16
Warning (10034): Output port "BCLK" at mic_translator.sv(1) has no driver File: C:/Users/chank/OneDrive/Quartus/FFT/mic_translator.sv Line: 1
Warning (10034): Output port "new_t" at mic_translator.sv(1) has no driver File: C:/Users/chank/OneDrive/Quartus/FFT/mic_translator.sv Line: 1
Info (12128): Elaborating entity "FFT_Processor" for hierarchy "FFT_Processor:main_professor" File: C:/Users/chank/OneDrive/Quartus/FFT/FFT.sv Line: 28
Warning (10230): Verilog HDL assignment warning at FFT_Processor.sv(177): truncated value with size 32 to match size of target (3) File: C:/Users/chank/OneDrive/Quartus/FFT/FFT_Processor.sv Line: 177
Info (12128): Elaborating entity "butterflyunit" for hierarchy "FFT_Processor:main_professor|butterflyunit:BFU0" File: C:/Users/chank/OneDrive/Quartus/FFT/FFT_Processor.sv Line: 205
Info (12128): Elaborating entity "complexadder" for hierarchy "FFT_Processor:main_professor|butterflyunit:BFU0|complexadder:topadder" File: C:/Users/chank/OneDrive/Quartus/FFT/butterflyunit.sv Line: 14
Info (12128): Elaborating entity "complexsubtractor" for hierarchy "FFT_Processor:main_professor|butterflyunit:BFU0|complexsubtractor:bottomadder" File: C:/Users/chank/OneDrive/Quartus/FFT/butterflyunit.sv Line: 18
Warning (10230): Verilog HDL assignment warning at complexsubtractor.sv(6): truncated value with size 32 to match size of target (16) File: C:/Users/chank/OneDrive/Quartus/FFT/complexsubtractor.sv Line: 6
Warning (10230): Verilog HDL assignment warning at complexsubtractor.sv(7): truncated value with size 32 to match size of target (16) File: C:/Users/chank/OneDrive/Quartus/FFT/complexsubtractor.sv Line: 7
Info (12128): Elaborating entity "complexmultiplier" for hierarchy "FFT_Processor:main_professor|butterflyunit:BFU0|complexmultiplier:twiddlemult" File: C:/Users/chank/OneDrive/Quartus/FFT/butterflyunit.sv Line: 22
Info (12128): Elaborating entity "simplemultiplier" for hierarchy "FFT_Processor:main_professor|butterflyunit:BFU0|complexmultiplier:twiddlemult|simplemultiplier:mult_ar_br" File: C:/Users/chank/OneDrive/Quartus/FFT/complexmultiplier.sv Line: 10
Info (12128): Elaborating entity "video_sync_generator" for hierarchy "video_sync_generator:vga" File: C:/Users/chank/OneDrive/Quartus/FFT/FFT.sv Line: 39
Info (12128): Elaborating entity "PLL" for hierarchy "video_sync_generator:vga|PLL:clockdivider" File: C:/Users/chank/OneDrive/Quartus/FFT/VGA_Components.sv Line: 142
Info (12128): Elaborating entity "hsync" for hierarchy "video_sync_generator:vga|hsync:horizontal" File: C:/Users/chank/OneDrive/Quartus/FFT/VGA_Components.sv Line: 144
Info (12128): Elaborating entity "vsync" for hierarchy "video_sync_generator:vga|vsync:vertical" File: C:/Users/chank/OneDrive/Quartus/FFT/VGA_Components.sv Line: 145
Info (12128): Elaborating entity "data" for hierarchy "video_sync_generator:vga|data:display" File: C:/Users/chank/OneDrive/Quartus/FFT/VGA_Components.sv Line: 156
Warning (10034): Output port "f0" at VGA_Components.sv(112) has no driver File: C:/Users/chank/OneDrive/Quartus/FFT/VGA_Components.sv Line: 112
Warning (10034): Output port "f1" at VGA_Components.sv(112) has no driver File: C:/Users/chank/OneDrive/Quartus/FFT/VGA_Components.sv Line: 112
Warning (10034): Output port "f2" at VGA_Components.sv(112) has no driver File: C:/Users/chank/OneDrive/Quartus/FFT/VGA_Components.sv Line: 112
Warning (10034): Output port "f3" at VGA_Components.sv(112) has no driver File: C:/Users/chank/OneDrive/Quartus/FFT/VGA_Components.sv Line: 112
Warning (10034): Output port "f4" at VGA_Components.sv(113) has no driver File: C:/Users/chank/OneDrive/Quartus/FFT/VGA_Components.sv Line: 113
Warning (10034): Output port "f5" at VGA_Components.sv(113) has no driver File: C:/Users/chank/OneDrive/Quartus/FFT/VGA_Components.sv Line: 113
Warning (10034): Output port "f6" at VGA_Components.sv(113) has no driver File: C:/Users/chank/OneDrive/Quartus/FFT/VGA_Components.sv Line: 113
Warning (10034): Output port "f7" at VGA_Components.sv(113) has no driver File: C:/Users/chank/OneDrive/Quartus/FFT/VGA_Components.sv Line: 113
Warning (10034): Output port "f8" at VGA_Components.sv(114) has no driver File: C:/Users/chank/OneDrive/Quartus/FFT/VGA_Components.sv Line: 114
Warning (10034): Output port "f9" at VGA_Components.sv(114) has no driver File: C:/Users/chank/OneDrive/Quartus/FFT/VGA_Components.sv Line: 114
Warning (10034): Output port "f10" at VGA_Components.sv(114) has no driver File: C:/Users/chank/OneDrive/Quartus/FFT/VGA_Components.sv Line: 114
Warning (10034): Output port "f11" at VGA_Components.sv(114) has no driver File: C:/Users/chank/OneDrive/Quartus/FFT/VGA_Components.sv Line: 114
Warning (10034): Output port "f12" at VGA_Components.sv(115) has no driver File: C:/Users/chank/OneDrive/Quartus/FFT/VGA_Components.sv Line: 115
Warning (10034): Output port "f13" at VGA_Components.sv(115) has no driver File: C:/Users/chank/OneDrive/Quartus/FFT/VGA_Components.sv Line: 115
Warning (10034): Output port "f14" at VGA_Components.sv(115) has no driver File: C:/Users/chank/OneDrive/Quartus/FFT/VGA_Components.sv Line: 115
Warning (10034): Output port "f15" at VGA_Components.sv(115) has no driver File: C:/Users/chank/OneDrive/Quartus/FFT/VGA_Components.sv Line: 115
Warning (12011): Net is missing source, defaulting to GND
    Warning (12110): Net "t0[15]" is missing source, defaulting to GND File: C:/Users/chank/OneDrive/Quartus/FFT/FFT.sv Line: 5
    Warning (12110): Net "t0[14]" is missing source, defaulting to GND File: C:/Users/chank/OneDrive/Quartus/FFT/FFT.sv Line: 5
    Warning (12110): Net "t0[13]" is missing source, defaulting to GND File: C:/Users/chank/OneDrive/Quartus/FFT/FFT.sv Line: 5
    Warning (12110): Net "t0[12]" is missing source, defaulting to GND File: C:/Users/chank/OneDrive/Quartus/FFT/FFT.sv Line: 5
    Warning (12110): Net "t0[11]" is missing source, defaulting to GND File: C:/Users/chank/OneDrive/Quartus/FFT/FFT.sv Line: 5
    Warning (12110): Net "t0[10]" is missing source, defaulting to GND File: C:/Users/chank/OneDrive/Quartus/FFT/FFT.sv Line: 5
    Warning (12110): Net "t1[15]" is missing source, defaulting to GND File: C:/Users/chank/OneDrive/Quartus/FFT/FFT.sv Line: 5
    Warning (12110): Net "t1[14]" is missing source, defaulting to GND File: C:/Users/chank/OneDrive/Quartus/FFT/FFT.sv Line: 5
    Warning (12110): Net "t1[13]" is missing source, defaulting to GND File: C:/Users/chank/OneDrive/Quartus/FFT/FFT.sv Line: 5
    Warning (12110): Net "t1[12]" is missing source, defaulting to GND File: C:/Users/chank/OneDrive/Quartus/FFT/FFT.sv Line: 5
    Warning (12110): Net "t1[11]" is missing source, defaulting to GND File: C:/Users/chank/OneDrive/Quartus/FFT/FFT.sv Line: 5
    Warning (12110): Net "t1[10]" is missing source, defaulting to GND File: C:/Users/chank/OneDrive/Quartus/FFT/FFT.sv Line: 5
    Warning (12110): Net "t2[15]" is missing source, defaulting to GND File: C:/Users/chank/OneDrive/Quartus/FFT/FFT.sv Line: 5
    Warning (12110): Net "t2[14]" is missing source, defaulting to GND File: C:/Users/chank/OneDrive/Quartus/FFT/FFT.sv Line: 5
    Warning (12110): Net "t2[13]" is missing source, defaulting to GND File: C:/Users/chank/OneDrive/Quartus/FFT/FFT.sv Line: 5
    Warning (12110): Net "t2[12]" is missing source, defaulting to GND File: C:/Users/chank/OneDrive/Quartus/FFT/FFT.sv Line: 5
    Warning (12110): Net "t2[11]" is missing source, defaulting to GND File: C:/Users/chank/OneDrive/Quartus/FFT/FFT.sv Line: 5
    Warning (12110): Net "t2[10]" is missing source, defaulting to GND File: C:/Users/chank/OneDrive/Quartus/FFT/FFT.sv Line: 5
    Warning (12110): Net "t3[15]" is missing source, defaulting to GND File: C:/Users/chank/OneDrive/Quartus/FFT/FFT.sv Line: 5
    Warning (12110): Net "t3[14]" is missing source, defaulting to GND File: C:/Users/chank/OneDrive/Quartus/FFT/FFT.sv Line: 5
    Warning (12110): Net "t3[13]" is missing source, defaulting to GND File: C:/Users/chank/OneDrive/Quartus/FFT/FFT.sv Line: 5
    Warning (12110): Net "t3[12]" is missing source, defaulting to GND File: C:/Users/chank/OneDrive/Quartus/FFT/FFT.sv Line: 5
    Warning (12110): Net "t3[11]" is missing source, defaulting to GND File: C:/Users/chank/OneDrive/Quartus/FFT/FFT.sv Line: 5
    Warning (12110): Net "t3[10]" is missing source, defaulting to GND File: C:/Users/chank/OneDrive/Quartus/FFT/FFT.sv Line: 5
    Warning (12110): Net "t4[15]" is missing source, defaulting to GND File: C:/Users/chank/OneDrive/Quartus/FFT/FFT.sv Line: 5
    Warning (12110): Net "t4[14]" is missing source, defaulting to GND File: C:/Users/chank/OneDrive/Quartus/FFT/FFT.sv Line: 5
    Warning (12110): Net "t4[13]" is missing source, defaulting to GND File: C:/Users/chank/OneDrive/Quartus/FFT/FFT.sv Line: 5
    Warning (12110): Net "t4[12]" is missing source, defaulting to GND File: C:/Users/chank/OneDrive/Quartus/FFT/FFT.sv Line: 5
    Warning (12110): Net "t4[11]" is missing source, defaulting to GND File: C:/Users/chank/OneDrive/Quartus/FFT/FFT.sv Line: 5
    Warning (12110): Net "t4[10]" is missing source, defaulting to GND File: C:/Users/chank/OneDrive/Quartus/FFT/FFT.sv Line: 5
    Warning (12110): Net "t5[15]" is missing source, defaulting to GND File: C:/Users/chank/OneDrive/Quartus/FFT/FFT.sv Line: 5
    Warning (12110): Net "t5[14]" is missing source, defaulting to GND File: C:/Users/chank/OneDrive/Quartus/FFT/FFT.sv Line: 5
    Warning (12110): Net "t5[13]" is missing source, defaulting to GND File: C:/Users/chank/OneDrive/Quartus/FFT/FFT.sv Line: 5
    Warning (12110): Net "t5[12]" is missing source, defaulting to GND File: C:/Users/chank/OneDrive/Quartus/FFT/FFT.sv Line: 5
    Warning (12110): Net "t5[11]" is missing source, defaulting to GND File: C:/Users/chank/OneDrive/Quartus/FFT/FFT.sv Line: 5
    Warning (12110): Net "t5[10]" is missing source, defaulting to GND File: C:/Users/chank/OneDrive/Quartus/FFT/FFT.sv Line: 5
    Warning (12110): Net "t6[15]" is missing source, defaulting to GND File: C:/Users/chank/OneDrive/Quartus/FFT/FFT.sv Line: 5
    Warning (12110): Net "t6[14]" is missing source, defaulting to GND File: C:/Users/chank/OneDrive/Quartus/FFT/FFT.sv Line: 5
    Warning (12110): Net "t6[13]" is missing source, defaulting to GND File: C:/Users/chank/OneDrive/Quartus/FFT/FFT.sv Line: 5
    Warning (12110): Net "t6[12]" is missing source, defaulting to GND File: C:/Users/chank/OneDrive/Quartus/FFT/FFT.sv Line: 5
    Warning (12110): Net "t6[11]" is missing source, defaulting to GND File: C:/Users/chank/OneDrive/Quartus/FFT/FFT.sv Line: 5
    Warning (12110): Net "t6[10]" is missing source, defaulting to GND File: C:/Users/chank/OneDrive/Quartus/FFT/FFT.sv Line: 5
    Warning (12110): Net "t7[15]" is missing source, defaulting to GND File: C:/Users/chank/OneDrive/Quartus/FFT/FFT.sv Line: 5
    Warning (12110): Net "t7[14]" is missing source, defaulting to GND File: C:/Users/chank/OneDrive/Quartus/FFT/FFT.sv Line: 5
    Warning (12110): Net "t7[13]" is missing source, defaulting to GND File: C:/Users/chank/OneDrive/Quartus/FFT/FFT.sv Line: 5
    Warning (12110): Net "t7[12]" is missing source, defaulting to GND File: C:/Users/chank/OneDrive/Quartus/FFT/FFT.sv Line: 5
    Warning (12110): Net "t7[11]" is missing source, defaulting to GND File: C:/Users/chank/OneDrive/Quartus/FFT/FFT.sv Line: 5
    Warning (12110): Net "t7[10]" is missing source, defaulting to GND File: C:/Users/chank/OneDrive/Quartus/FFT/FFT.sv Line: 5
    Warning (12110): Net "t8[15]" is missing source, defaulting to GND File: C:/Users/chank/OneDrive/Quartus/FFT/FFT.sv Line: 5
    Warning (12110): Net "t8[14]" is missing source, defaulting to GND File: C:/Users/chank/OneDrive/Quartus/FFT/FFT.sv Line: 5
    Warning (12110): Net "t8[13]" is missing source, defaulting to GND File: C:/Users/chank/OneDrive/Quartus/FFT/FFT.sv Line: 5
    Warning (12110): Net "t8[12]" is missing source, defaulting to GND File: C:/Users/chank/OneDrive/Quartus/FFT/FFT.sv Line: 5
    Warning (12110): Net "t8[11]" is missing source, defaulting to GND File: C:/Users/chank/OneDrive/Quartus/FFT/FFT.sv Line: 5
    Warning (12110): Net "t8[10]" is missing source, defaulting to GND File: C:/Users/chank/OneDrive/Quartus/FFT/FFT.sv Line: 5
    Warning (12110): Net "t9[15]" is missing source, defaulting to GND File: C:/Users/chank/OneDrive/Quartus/FFT/FFT.sv Line: 5
    Warning (12110): Net "t9[14]" is missing source, defaulting to GND File: C:/Users/chank/OneDrive/Quartus/FFT/FFT.sv Line: 5
    Warning (12110): Net "t9[13]" is missing source, defaulting to GND File: C:/Users/chank/OneDrive/Quartus/FFT/FFT.sv Line: 5
    Warning (12110): Net "t9[12]" is missing source, defaulting to GND File: C:/Users/chank/OneDrive/Quartus/FFT/FFT.sv Line: 5
    Warning (12110): Net "t9[11]" is missing source, defaulting to GND File: C:/Users/chank/OneDrive/Quartus/FFT/FFT.sv Line: 5
    Warning (12110): Net "t9[10]" is missing source, defaulting to GND File: C:/Users/chank/OneDrive/Quartus/FFT/FFT.sv Line: 5
    Warning (12110): Net "t10[15]" is missing source, defaulting to GND File: C:/Users/chank/OneDrive/Quartus/FFT/FFT.sv Line: 5
    Warning (12110): Net "t10[14]" is missing source, defaulting to GND File: C:/Users/chank/OneDrive/Quartus/FFT/FFT.sv Line: 5
    Warning (12110): Net "t10[13]" is missing source, defaulting to GND File: C:/Users/chank/OneDrive/Quartus/FFT/FFT.sv Line: 5
    Warning (12110): Net "t10[12]" is missing source, defaulting to GND File: C:/Users/chank/OneDrive/Quartus/FFT/FFT.sv Line: 5
    Warning (12110): Net "t10[11]" is missing source, defaulting to GND File: C:/Users/chank/OneDrive/Quartus/FFT/FFT.sv Line: 5
    Warning (12110): Net "t10[10]" is missing source, defaulting to GND File: C:/Users/chank/OneDrive/Quartus/FFT/FFT.sv Line: 5
    Warning (12110): Net "t11[15]" is missing source, defaulting to GND File: C:/Users/chank/OneDrive/Quartus/FFT/FFT.sv Line: 5
    Warning (12110): Net "t11[14]" is missing source, defaulting to GND File: C:/Users/chank/OneDrive/Quartus/FFT/FFT.sv Line: 5
    Warning (12110): Net "t11[13]" is missing source, defaulting to GND File: C:/Users/chank/OneDrive/Quartus/FFT/FFT.sv Line: 5
    Warning (12110): Net "t11[12]" is missing source, defaulting to GND File: C:/Users/chank/OneDrive/Quartus/FFT/FFT.sv Line: 5
    Warning (12110): Net "t11[11]" is missing source, defaulting to GND File: C:/Users/chank/OneDrive/Quartus/FFT/FFT.sv Line: 5
    Warning (12110): Net "t11[10]" is missing source, defaulting to GND File: C:/Users/chank/OneDrive/Quartus/FFT/FFT.sv Line: 5
    Warning (12110): Net "t12[15]" is missing source, defaulting to GND File: C:/Users/chank/OneDrive/Quartus/FFT/FFT.sv Line: 5
    Warning (12110): Net "t12[14]" is missing source, defaulting to GND File: C:/Users/chank/OneDrive/Quartus/FFT/FFT.sv Line: 5
    Warning (12110): Net "t12[13]" is missing source, defaulting to GND File: C:/Users/chank/OneDrive/Quartus/FFT/FFT.sv Line: 5
    Warning (12110): Net "t12[12]" is missing source, defaulting to GND File: C:/Users/chank/OneDrive/Quartus/FFT/FFT.sv Line: 5
    Warning (12110): Net "t12[11]" is missing source, defaulting to GND File: C:/Users/chank/OneDrive/Quartus/FFT/FFT.sv Line: 5
    Warning (12110): Net "t12[10]" is missing source, defaulting to GND File: C:/Users/chank/OneDrive/Quartus/FFT/FFT.sv Line: 5
    Warning (12110): Net "t13[15]" is missing source, defaulting to GND File: C:/Users/chank/OneDrive/Quartus/FFT/FFT.sv Line: 5
    Warning (12110): Net "t13[14]" is missing source, defaulting to GND File: C:/Users/chank/OneDrive/Quartus/FFT/FFT.sv Line: 5
    Warning (12110): Net "t13[13]" is missing source, defaulting to GND File: C:/Users/chank/OneDrive/Quartus/FFT/FFT.sv Line: 5
    Warning (12110): Net "t13[12]" is missing source, defaulting to GND File: C:/Users/chank/OneDrive/Quartus/FFT/FFT.sv Line: 5
    Warning (12110): Net "t13[11]" is missing source, defaulting to GND File: C:/Users/chank/OneDrive/Quartus/FFT/FFT.sv Line: 5
    Warning (12110): Net "t13[10]" is missing source, defaulting to GND File: C:/Users/chank/OneDrive/Quartus/FFT/FFT.sv Line: 5
    Warning (12110): Net "t14[15]" is missing source, defaulting to GND File: C:/Users/chank/OneDrive/Quartus/FFT/FFT.sv Line: 5
    Warning (12110): Net "t14[14]" is missing source, defaulting to GND File: C:/Users/chank/OneDrive/Quartus/FFT/FFT.sv Line: 5
    Warning (12110): Net "t14[13]" is missing source, defaulting to GND File: C:/Users/chank/OneDrive/Quartus/FFT/FFT.sv Line: 5
    Warning (12110): Net "t14[12]" is missing source, defaulting to GND File: C:/Users/chank/OneDrive/Quartus/FFT/FFT.sv Line: 5
    Warning (12110): Net "t14[11]" is missing source, defaulting to GND File: C:/Users/chank/OneDrive/Quartus/FFT/FFT.sv Line: 5
    Warning (12110): Net "t14[10]" is missing source, defaulting to GND File: C:/Users/chank/OneDrive/Quartus/FFT/FFT.sv Line: 5
    Warning (12110): Net "t15[15]" is missing source, defaulting to GND File: C:/Users/chank/OneDrive/Quartus/FFT/FFT.sv Line: 5
    Warning (12110): Net "t15[14]" is missing source, defaulting to GND File: C:/Users/chank/OneDrive/Quartus/FFT/FFT.sv Line: 5
    Warning (12110): Net "t15[13]" is missing source, defaulting to GND File: C:/Users/chank/OneDrive/Quartus/FFT/FFT.sv Line: 5
    Warning (12110): Net "t15[12]" is missing source, defaulting to GND File: C:/Users/chank/OneDrive/Quartus/FFT/FFT.sv Line: 5
    Warning (12110): Net "t15[11]" is missing source, defaulting to GND File: C:/Users/chank/OneDrive/Quartus/FFT/FFT.sv Line: 5
    Warning (12110): Net "t15[10]" is missing source, defaulting to GND File: C:/Users/chank/OneDrive/Quartus/FFT/FFT.sv Line: 5
Warning (12241): 1 hierarchies have connectivity warnings - see the Connectivity Checks report folder
Warning (13024): Output pins are stuck at VCC or GND
    Warning (13410): Pin "BCLK" is stuck at GND File: C:/Users/chank/OneDrive/Quartus/FFT/FFT.sv Line: 1
    Warning (13410): Pin "r[0]" is stuck at GND File: C:/Users/chank/OneDrive/Quartus/FFT/FFT.sv Line: 2
    Warning (13410): Pin "r[1]" is stuck at GND File: C:/Users/chank/OneDrive/Quartus/FFT/FFT.sv Line: 2
    Warning (13410): Pin "r[2]" is stuck at GND File: C:/Users/chank/OneDrive/Quartus/FFT/FFT.sv Line: 2
    Warning (13410): Pin "g[0]" is stuck at GND File: C:/Users/chank/OneDrive/Quartus/FFT/FFT.sv Line: 2
    Warning (13410): Pin "g[1]" is stuck at GND File: C:/Users/chank/OneDrive/Quartus/FFT/FFT.sv Line: 2
    Warning (13410): Pin "g[2]" is stuck at GND File: C:/Users/chank/OneDrive/Quartus/FFT/FFT.sv Line: 2
    Warning (13410): Pin "g[3]" is stuck at GND File: C:/Users/chank/OneDrive/Quartus/FFT/FFT.sv Line: 2
    Warning (13410): Pin "b[0]" is stuck at GND File: C:/Users/chank/OneDrive/Quartus/FFT/FFT.sv Line: 2
    Warning (13410): Pin "b[1]" is stuck at GND File: C:/Users/chank/OneDrive/Quartus/FFT/FFT.sv Line: 2
    Warning (13410): Pin "b[2]" is stuck at GND File: C:/Users/chank/OneDrive/Quartus/FFT/FFT.sv Line: 2
Info (286030): Timing-Driven Synthesis is running
Info (16010): Generating hard_block partition "hard_block:auto_generated_inst"
    Info (16011): Adding 0 node(s), including 0 DDIO, 0 PLL, 0 transceiver and 0 LCELL
Warning (21074): Design contains 2 input pin(s) that do not drive logic
    Warning (15610): No output dependent on input pin "DOUT" File: C:/Users/chank/OneDrive/Quartus/FFT/FFT.sv Line: 1
    Warning (15610): No output dependent on input pin "LRCLK" File: C:/Users/chank/OneDrive/Quartus/FFT/FFT.sv Line: 1
Info (21057): Implemented 57 device resources after synthesis - the final resource count might be different
    Info (21058): Implemented 3 input pins
    Info (21059): Implemented 15 output pins
    Info (21061): Implemented 39 logic cells
Info: Quartus Prime Analysis & Synthesis was successful. 0 errors, 137 warnings
    Info: Peak virtual memory: 4751 megabytes
    Info: Processing ended: Wed Mar 04 18:30:13 2020
    Info: Elapsed time: 00:00:25
    Info: Total CPU time (on all processors): 00:00:47


